0 info it worked if it ends with ok
1 verbose cli [ 'C:\\Program Files\\nodejs\\node.exe',
1 verbose cli   'C:\\Program Files\\nodejs\\node_modules\\npm\\bin\\npm-cli.js',
1 verbose cli   'shrinkwrap' ]
2 info using npm@3.10.10
3 info using node@v6.9.5
4 info lifecycle generator-sy-template@0.0.1~preshrinkwrap: generator-sy-template@0.0.1
5 silly lifecycle generator-sy-template@0.0.1~preshrinkwrap: no script for preshrinkwrap, continuing
6 warn shrinkwrap Excluding devDependency: /array-filter
7 warn shrinkwrap Excluding devDependency: /array-map
8 warn shrinkwrap Excluding devDependency: /array-reduce
9 warn shrinkwrap Excluding devDependency: /babel-plugin-add-module-exports
10 warn shrinkwrap Excluding devDependency: /babel-plugin-transform-es2015-modules-amd
11 warn shrinkwrap Excluding devDependency: /babel-plugin-transform-es2015-modules-systemjs
12 warn shrinkwrap Excluding devDependency: /babel-plugin-transform-es2015-modules-umd
13 warn shrinkwrap Excluding devDependency: /babel-plugin-transform-react-jsx-self
14 warn shrinkwrap Excluding devDependency: /babel-plugin-transform-runtime
15 warn shrinkwrap Excluding devDependency: /babel-preset-es2015
16 warn shrinkwrap Excluding devDependency: /babel-preset-flow
17 warn shrinkwrap Excluding devDependency: /babel-preset-react
18 warn shrinkwrap Excluding devDependency: /babel-preset-stage-0
19 warn shrinkwrap Excluding devDependency: /chokidar-cli
20 warn shrinkwrap Excluding devDependency: /copyfiles
21 warn shrinkwrap Excluding devDependency: /ltcdr
22 warn shrinkwrap Excluding devDependency: /noms
23 warn shrinkwrap Excluding devDependency: /shell-quote
24 info lifecycle generator-sy-template@0.0.1~shrinkwrap: generator-sy-template@0.0.1
25 silly lifecycle generator-sy-template@0.0.1~shrinkwrap: no script for shrinkwrap, continuing
26 verbose stack Error: Problems were encountered
26 verbose stack Please correct and try again.
26 verbose stack extraneous: normalize.css@4.2.0 C:\Users\Administrator\Desktop\generator-sy-template\node_modules\normalize.css
26 verbose stack extraneous: react-hot-api@0.4.7 C:\Users\Administrator\Desktop\generator-sy-template\node_modules\react-hot-api
26 verbose stack extraneous: react-hot-loader@1.3.1 C:\Users\Administrator\Desktop\generator-sy-template\node_modules\react-hot-loader
26 verbose stack extraneous: source-map@0.4.4 C:\Users\Administrator\Desktop\generator-sy-template\node_modules\react-hot-loader\node_modules\source-map
26 verbose stack     at shrinkwrap_ (C:\Program Files\nodejs\node_modules\npm\lib\shrinkwrap.js:128:15)
26 verbose stack     at Array.<anonymous> (C:\Program Files\nodejs\node_modules\npm\node_modules\slide\lib\bind-actor.js:15:8)
26 verbose stack     at LOOP (C:\Program Files\nodejs\node_modules\npm\node_modules\slide\lib\chain.js:15:14)
26 verbose stack     at C:\Program Files\nodejs\node_modules\npm\node_modules\slide\lib\chain.js:18:7
26 verbose stack     at done (C:\Program Files\nodejs\node_modules\npm\lib\utils\lifecycle.js:132:5)
26 verbose stack     at LOOP (C:\Program Files\nodejs\node_modules\npm\node_modules\slide\lib\chain.js:7:26)
26 verbose stack     at C:\Program Files\nodejs\node_modules\npm\node_modules\slide\lib\chain.js:18:7
26 verbose stack     at C:\Program Files\nodejs\node_modules\npm\lib\utils\lifecycle.js:294:20
26 verbose stack     at C:\Program Files\nodejs\node_modules\npm\node_modules\graceful-fs\polyfills.js:264:29
26 verbose stack     at FSReqWrap.oncomplete (fs.js:123:15)
27 verbose cwd C:\Users\Administrator\Desktop\generator-sy-template
28 error Windows_NT 6.1.7601
29 error argv "C:\\Program Files\\nodejs\\node.exe" "C:\\Program Files\\nodejs\\node_modules\\npm\\bin\\npm-cli.js" "shrinkwrap"
30 error node v6.9.5
31 error npm  v3.10.10
32 error Problems were encountered
32 error Please correct and try again.
32 error extraneous: normalize.css@4.2.0 C:\Users\Administrator\Desktop\generator-sy-template\node_modules\normalize.css
32 error extraneous: react-hot-api@0.4.7 C:\Users\Administrator\Desktop\generator-sy-template\node_modules\react-hot-api
32 error extraneous: react-hot-loader@1.3.1 C:\Users\Administrator\Desktop\generator-sy-template\node_modules\react-hot-loader
32 error extraneous: source-map@0.4.4 C:\Users\Administrator\Desktop\generator-sy-template\node_modules\react-hot-loader\node_modules\source-map
33 error If you need help, you may report this error at:
33 error     <https://github.com/npm/npm/issues>
34 verbose exit [ 1, true ]
